<?xml version="1.0" encoding="UTF-8"?>
<testsuite name="securityclearance.SecurityClearanceCheckTest" tests="4" skipped="0" failures="0" errors="0" timestamp="2020-04-15T23:53:45" hostname="DESKTOP-743I6CH" time="0.039">
  <properties/>
  <testcase name="checkResultClass()" classname="securityclearance.SecurityClearanceCheckTest" time="0.026"/>
  <testcase name="canary()" classname="securityclearance.SecurityClearanceCheckTest" time="0.002"/>
  <testcase name="checkResult()" classname="securityclearance.SecurityClearanceCheckTest" time="0.002"/>
  <testcase name="checkCriteriaName()" classname="securityclearance.SecurityClearanceCheckTest" time="0.001"/>
  <system-out><![CDATA[]]></system-out>
  <system-err><![CDATA[]]></system-err>
</testsuite>
