<?xml version="1.0" encoding="UTF-8"?>
<testsuite name="creditcheck.CreditReportCheckTest" tests="4" skipped="0" failures="0" errors="0" timestamp="2020-04-15T23:53:36" hostname="DESKTOP-743I6CH" time="0.038">
  <properties/>
  <testcase name="checkResultClass()" classname="creditcheck.CreditReportCheckTest" time="0.024"/>
  <testcase name="canary()" classname="creditcheck.CreditReportCheckTest" time="0.003"/>
  <testcase name="checkResult()" classname="creditcheck.CreditReportCheckTest" time="0.003"/>
  <testcase name="checkCriteriaName()" classname="creditcheck.CreditReportCheckTest" time="0.001"/>
  <system-out><![CDATA[]]></system-out>
  <system-err><![CDATA[]]></system-err>
</testsuite>
