<?xml version="1.0" encoding="UTF-8"?>
<testsuite name="employmentcheck.EmploymentCheckTest" tests="4" skipped="0" failures="0" errors="0" timestamp="2020-04-15T23:53:42" hostname="DESKTOP-743I6CH" time="0.038">
  <properties/>
  <testcase name="checkResultClass()" classname="employmentcheck.EmploymentCheckTest" time="0.026"/>
  <testcase name="canary()" classname="employmentcheck.EmploymentCheckTest" time="0.003"/>
  <testcase name="checkResult()" classname="employmentcheck.EmploymentCheckTest" time="0.002"/>
  <testcase name="checkCriteriaName()" classname="employmentcheck.EmploymentCheckTest" time="0.001"/>
  <system-out><![CDATA[]]></system-out>
  <system-err><![CDATA[]]></system-err>
</testsuite>
